Pig Stack Trace
---------------
ERROR 1200: Pig script failed to parse: 
<file Max.pig, line 2, column 13> Undefined alias: frecords

org.apache.pig.impl.logicalLayer.FrontendException: ERROR 1000: Error during parsing. Pig script failed to parse: 
<file Max.pig, line 2, column 13> Undefined alias: frecords
	at org.apache.pig.PigServer$Graph.parseQuery(PigServer.java:1832)
	at org.apache.pig.PigServer$Graph.access$000(PigServer.java:1527)
	at org.apache.pig.PigServer.parseAndBuild(PigServer.java:460)
	at org.apache.pig.PigServer.executeBatch(PigServer.java:485)
	at org.apache.pig.PigServer.executeBatch(PigServer.java:471)
	at org.apache.pig.tools.grunt.GruntParser.executeBatch(GruntParser.java:172)
	at org.apache.pig.tools.grunt.GruntParser.parseStopOnError(GruntParser.java:235)
	at org.apache.pig.tools.grunt.GruntParser.parseStopOnError(GruntParser.java:206)
	at org.apache.pig.tools.grunt.Grunt.exec(Grunt.java:81)
	at org.apache.pig.Main.run(Main.java:632)
	at org.apache.pig.Main.main(Main.java:178)
	at sun.reflect.NativeMethodAccessorImpl.invoke0(Native Method)
	at sun.reflect.NativeMethodAccessorImpl.invoke(NativeMethodAccessorImpl.java:62)
	at sun.reflect.DelegatingMethodAccessorImpl.invoke(DelegatingMethodAccessorImpl.java:43)
	at java.lang.reflect.Method.invoke(Method.java:498)
	at org.apache.hadoop.util.RunJar.run(RunJar.java:318)
	at org.apache.hadoop.util.RunJar.main(RunJar.java:232)
Caused by: Failed to parse: Pig script failed to parse: 
<file Max.pig, line 2, column 13> Undefined alias: frecords
	at org.apache.pig.parser.QueryParserDriver.parse(QueryParserDriver.java:199)
	at org.apache.pig.PigServer$Graph.parseQuery(PigServer.java:1819)
	... 16 more
Caused by: 
<file Max.pig, line 2, column 13> Undefined alias: frecords
	at org.apache.pig.parser.AstValidator.validateAliasRef(AstValidator.java:278)
	at org.apache.pig.parser.AstValidator.rel(AstValidator.java:6557)
	at org.apache.pig.parser.AstValidator.group_item(AstValidator.java:6302)
	at org.apache.pig.parser.AstValidator.group_clause(AstValidator.java:6089)
	at org.apache.pig.parser.AstValidator.op_clause(AstValidator.java:1643)
	at org.apache.pig.parser.AstValidator.general_statement(AstValidator.java:1035)
	at org.apache.pig.parser.AstValidator.statement(AstValidator.java:499)
	at org.apache.pig.parser.AstValidator.query(AstValidator.java:373)
	at org.apache.pig.parser.QueryParserDriver.validateAst(QueryParserDriver.java:258)
	at org.apache.pig.parser.QueryParserDriver.parse(QueryParserDriver.java:186)
	... 17 more
================================================================================
