Error before Pig is launched
----------------------------
ERROR 2997: Encountered IOException. org.apache.pig.tools.parameters.ParameterSubstitutionException: Undefined parameter : INPUT

java.io.IOException: org.apache.pig.tools.parameters.ParameterSubstitutionException: Undefined parameter : INPUT
	at org.apache.pig.impl.PigContext.doParamSubstitution(PigContext.java:408)
	at org.apache.pig.Main.runParamPreprocessor(Main.java:832)
	at org.apache.pig.Main.run(Main.java:596)
	at org.apache.pig.Main.main(Main.java:178)
	at sun.reflect.NativeMethodAccessorImpl.invoke0(Native Method)
	at sun.reflect.NativeMethodAccessorImpl.invoke(NativeMethodAccessorImpl.java:62)
	at sun.reflect.DelegatingMethodAccessorImpl.invoke(DelegatingMethodAccessorImpl.java:43)
	at java.lang.reflect.Method.invoke(Method.java:498)
	at org.apache.hadoop.util.RunJar.run(RunJar.java:318)
	at org.apache.hadoop.util.RunJar.main(RunJar.java:232)
Caused by: org.apache.pig.tools.parameters.ParameterSubstitutionException: Undefined parameter : INPUT
	at org.apache.pig.tools.parameters.PreprocessorContext.substitute(PreprocessorContext.java:355)
	at org.apache.pig.tools.parameters.PreprocessorContext.substitute(PreprocessorContext.java:303)
	at org.apache.pig.tools.parameters.PigFileParser.input(PigFileParser.java:81)
	at org.apache.pig.tools.parameters.PigFileParser.Parse(PigFileParser.java:43)
	at org.apache.pig.tools.parameters.ParameterSubstitutionPreprocessor.parsePigFile(ParameterSubstitutionPreprocessor.java:95)
	at org.apache.pig.tools.parameters.ParameterSubstitutionPreprocessor.genSubstitutedFile(ParameterSubstitutionPreprocessor.java:76)
	at org.apache.pig.impl.PigContext.doParamSubstitution(PigContext.java:404)
	... 9 more
================================================================================
