Pig Stack Trace
---------------
ERROR 2997: Encountered IOException. Incomplete HDFS URI, no host: hdfs:///tmp/input/WordCount.jar

java.io.IOException: Incomplete HDFS URI, no host: hdfs:///tmp/input/WordCount.jar
	at org.apache.hadoop.hdfs.DistributedFileSystem.initialize(DistributedFileSystem.java:171)
	at org.apache.hadoop.fs.FileSystem.createFileSystem(FileSystem.java:3303)
	at org.apache.hadoop.fs.FileSystem.access$200(FileSystem.java:124)
	at org.apache.hadoop.fs.FileSystem$Cache.getInternal(FileSystem.java:3352)
	at org.apache.hadoop.fs.FileSystem$Cache.get(FileSystem.java:3320)
	at org.apache.hadoop.fs.FileSystem.get(FileSystem.java:479)
	at org.apache.hadoop.fs.Path.getFileSystem(Path.java:361)
	at org.apache.pig.impl.io.FileLocalizer.fetchFilesInternal(FileLocalizer.java:810)
	at org.apache.pig.impl.io.FileLocalizer.fetchFiles(FileLocalizer.java:767)
	at org.apache.pig.PigServer.registerJar(PigServer.java:631)
	at org.apache.pig.parser.RegisterResolver.parseRegister(RegisterResolver.java:54)
	at org.apache.pig.tools.grunt.GruntParser.processRegister(GruntParser.java:465)
	at org.apache.pig.tools.pigscript.parser.PigScriptParser.parse(PigScriptParser.java:550)
	at org.apache.pig.tools.grunt.GruntParser.parseStopOnError(GruntParser.java:231)
	at org.apache.pig.tools.grunt.GruntParser.parseStopOnError(GruntParser.java:206)
	at org.apache.pig.tools.grunt.Grunt.exec(Grunt.java:81)
	at org.apache.pig.Main.run(Main.java:503)
	at org.apache.pig.Main.main(Main.java:178)
	at sun.reflect.NativeMethodAccessorImpl.invoke0(Native Method)
	at sun.reflect.NativeMethodAccessorImpl.invoke(NativeMethodAccessorImpl.java:62)
	at sun.reflect.DelegatingMethodAccessorImpl.invoke(DelegatingMethodAccessorImpl.java:43)
	at java.lang.reflect.Method.invoke(Method.java:498)
	at org.apache.hadoop.util.RunJar.run(RunJar.java:318)
	at org.apache.hadoop.util.RunJar.main(RunJar.java:232)
================================================================================
